{"/usr/src/app/controllers/googleSearchController.js": {"path":"/usr/src/app/controllers/googleSearchController.js","statementMap":{"0":{"start":{"line":10,"column":25},"end":{"line":10,"column":50}},"1":{"start":{"line":11,"column":16},"end":{"line":11,"column":65}},"2":{"start":{"line":12,"column":4},"end":{"line":12,"column":20}},"3":{"start":{"line":15,"column":20},"end":{"line":15,"column":33}},"4":{"start":{"line":16,"column":4},"end":{"line":16,"column":25}},"5":{"start":{"line":17,"column":17},"end":{"line":17,"column":50}},"6":{"start":{"line":20,"column":19},"end":{"line":20,"column":35}},"7":{"start":{"line":21,"column":18},"end":{"line":21,"column":35}},"8":{"start":{"line":23,"column":4},"end":{"line":23,"column":20}},"9":{"start":{"line":24,"column":4},"end":{"line":24,"column":17}}},"fnMap":{"0":{"name":"searchLinks","decl":{"start":{"line":9,"column":15},"end":{"line":9,"column":26}},"loc":{"start":{"line":9,"column":33},"end":{"line":25,"column":1}},"line":9}},"branchMap":{},"s":{"0":1,"1":1,"2":1,"3":1,"4":1,"5":1,"6":1,"7":1,"8":1,"9":1},"f":{"0":1},"b":{},"_coverageSchema":"1a1c01bbd47fc00a2c39e90264f33305004495a9","hash":"f4bff1eb08080f7a7b63dae120f102824801d74e"}
,"/usr/src/app/controllers/stackoverflowController.js": {"path":"/usr/src/app/controllers/stackoverflowController.js","statementMap":{"0":{"start":{"line":15,"column":20},"end":{"line":15,"column":33}},"1":{"start":{"line":16,"column":4},"end":{"line":16,"column":25}},"2":{"start":{"line":17,"column":17},"end":{"line":17,"column":50}},"3":{"start":{"line":18,"column":19},"end":{"line":18,"column":35}},"4":{"start":{"line":19,"column":4},"end":{"line":21,"column":5}},"5":{"start":{"line":20,"column":8},"end":{"line":20,"column":28}},"6":{"start":{"line":23,"column":18},"end":{"line":23,"column":35}},"7":{"start":{"line":24,"column":21},"end":{"line":24,"column":41}},"8":{"start":{"line":25,"column":20},"end":{"line":25,"column":39}},"9":{"start":{"line":26,"column":26},"end":{"line":35,"column":6}},"10":{"start":{"line":37,"column":4},"end":{"line":37,"column":31}},"11":{"start":{"line":39,"column":4},"end":{"line":48,"column":7}},"12":{"start":{"line":40,"column":28},"end":{"line":46,"column":10}},"13":{"start":{"line":47,"column":8},"end":{"line":47,"column":33}},"14":{"start":{"line":50,"column":4},"end":{"line":50,"column":26}},"15":{"start":{"line":53,"column":4},"end":{"line":57,"column":5}},"16":{"start":{"line":61,"column":24},"end":{"line":61,"column":90}},"17":{"start":{"line":62,"column":4},"end":{"line":62,"column":83}},"18":{"start":{"line":62,"column":38},"end":{"line":62,"column":82}},"19":{"start":{"line":71,"column":18},"end":{"line":71,"column":44}},"20":{"start":{"line":72,"column":21},"end":{"line":72,"column":84}},"21":{"start":{"line":72,"column":59},"end":{"line":72,"column":82}},"22":{"start":{"line":73,"column":4},"end":{"line":73,"column":20}}},"fnMap":{"0":{"name":"getContent","decl":{"start":{"line":14,"column":15},"end":{"line":14,"column":25}},"loc":{"start":{"line":14,"column":38},"end":{"line":58,"column":1}},"line":14},"1":{"name":"(anonymous_1)","decl":{"start":{"line":39,"column":20},"end":{"line":39,"column":21}},"loc":{"start":{"line":39,"column":38},"end":{"line":48,"column":5}},"line":39},"2":{"name":"getStackLinks","decl":{"start":{"line":60,"column":15},"end":{"line":60,"column":28}},"loc":{"start":{"line":60,"column":36},"end":{"line":63,"column":1}},"line":60},"3":{"name":"(anonymous_3)","decl":{"start":{"line":62,"column":30},"end":{"line":62,"column":31}},"loc":{"start":{"line":62,"column":38},"end":{"line":62,"column":82}},"line":62},"4":{"name":"getMultipleStackContent","decl":{"start":{"line":70,"column":15},"end":{"line":70,"column":38}},"loc":{"start":{"line":70,"column":46},"end":{"line":74,"column":1}},"line":70},"5":{"name":"(anonymous_5)","decl":{"start":{"line":72,"column":49},"end":{"line":72,"column":50}},"loc":{"start":{"line":72,"column":59},"end":{"line":72,"column":82}},"line":72}},"branchMap":{"0":{"loc":{"start":{"line":19,"column":4},"end":{"line":21,"column":5}},"type":"if","locations":[{"start":{"line":19,"column":4},"end":{"line":21,"column":5}},{"start":{},"end":{}}],"line":19}},"s":{"0":1,"1":1,"2":1,"3":0,"4":0,"5":0,"6":0,"7":0,"8":0,"9":0,"10":0,"11":0,"12":0,"13":0,"14":0,"15":0,"16":0,"17":0,"18":0,"19":0,"20":0,"21":0,"22":0},"f":{"0":1,"1":0,"2":0,"3":0,"4":0,"5":0},"b":{"0":[0,0]},"_coverageSchema":"1a1c01bbd47fc00a2c39e90264f33305004495a9","hash":"656710f0273535a2aac2ffe10d15503772a6124e"}
,"/usr/src/app/models/answer.js": {"path":"/usr/src/app/models/answer.js","statementMap":{"0":{"start":{"line":3,"column":21},"end":{"line":25,"column":2}},"1":{"start":{"line":27,"column":15},"end":{"line":27,"column":53}}},"fnMap":{},"branchMap":{},"s":{"0":1,"1":1},"f":{},"b":{},"_coverageSchema":"1a1c01bbd47fc00a2c39e90264f33305004495a9","hash":"09f765849f0d7f3c5b6b0df0f4d831adfcc6a21f"}
,"/usr/src/app/models/question.js": {"path":"/usr/src/app/models/question.js","statementMap":{"0":{"start":{"line":3,"column":23},"end":{"line":37,"column":2}},"1":{"start":{"line":39,"column":17},"end":{"line":39,"column":59}}},"fnMap":{},"branchMap":{},"s":{"0":1,"1":1},"f":{},"b":{},"_coverageSchema":"1a1c01bbd47fc00a2c39e90264f33305004495a9","hash":"b0139db0391efcb28cd8a786117f697bf741c26e"}
,"/usr/src/app/utils/mongoose.js": {"path":"/usr/src/app/utils/mongoose.js","statementMap":{"0":{"start":{"line":2,"column":13},"end":{"line":2,"column":24}},"1":{"start":{"line":3,"column":13},"end":{"line":3,"column":44}},"2":{"start":{"line":4,"column":17},"end":{"line":4,"column":48}},"3":{"start":{"line":5,"column":20},"end":{"line":5,"column":59}},"4":{"start":{"line":8,"column":0},"end":{"line":13,"column":78}},"5":{"start":{"line":12,"column":16},"end":{"line":12,"column":64}},"6":{"start":{"line":13,"column":21},"end":{"line":13,"column":76}}},"fnMap":{"0":{"name":"(anonymous_0)","decl":{"start":{"line":12,"column":10},"end":{"line":12,"column":11}},"loc":{"start":{"line":12,"column":16},"end":{"line":12,"column":64}},"line":12},"1":{"name":"(anonymous_1)","decl":{"start":{"line":13,"column":11},"end":{"line":13,"column":12}},"loc":{"start":{"line":13,"column":21},"end":{"line":13,"column":76}},"line":13}},"branchMap":{"0":{"loc":{"start":{"line":3,"column":13},"end":{"line":3,"column":44}},"type":"binary-expr","locations":[{"start":{"line":3,"column":13},"end":{"line":3,"column":35}},{"start":{"line":3,"column":39},"end":{"line":3,"column":44}}],"line":3},"1":{"loc":{"start":{"line":4,"column":17},"end":{"line":4,"column":48}},"type":"binary-expr","locations":[{"start":{"line":4,"column":17},"end":{"line":4,"column":37}},{"start":{"line":4,"column":41},"end":{"line":4,"column":48}}],"line":4}},"s":{"0":1,"1":1,"2":1,"3":1,"4":1,"5":0,"6":0},"f":{"0":0,"1":0},"b":{"0":[1,1],"1":[1,1]},"_coverageSchema":"1a1c01bbd47fc00a2c39e90264f33305004495a9","hash":"5c3111dafee9823a6d4078cddd372b2cd10f2ff4"}
,"/usr/src/app/utils/parser.js": {"path":"/usr/src/app/utils/parser.js","statementMap":{"0":{"start":{"line":17,"column":8},"end":{"line":17,"column":25}},"1":{"start":{"line":18,"column":8},"end":{"line":18,"column":28}},"2":{"start":{"line":27,"column":22},"end":{"line":27,"column":33}},"3":{"start":{"line":28,"column":20},"end":{"line":28,"column":40}},"4":{"start":{"line":29,"column":8},"end":{"line":29,"column":44}},"5":{"start":{"line":37,"column":8},"end":{"line":37,"column":68}},"6":{"start":{"line":45,"column":8},"end":{"line":45,"column":56}},"7":{"start":{"line":53,"column":25},"end":{"line":53,"column":48}},"8":{"start":{"line":54,"column":22},"end":{"line":54,"column":44}},"9":{"start":{"line":55,"column":21},"end":{"line":55,"column":47}},"10":{"start":{"line":56,"column":27},"end":{"line":56,"column":55}},"11":{"start":{"line":57,"column":31},"end":{"line":57,"column":56}},"12":{"start":{"line":58,"column":21},"end":{"line":58,"column":43}},"13":{"start":{"line":59,"column":8},"end":{"line":66,"column":10}},"14":{"start":{"line":75,"column":26},"end":{"line":75,"column":77}},"15":{"start":{"line":76,"column":12},"end":{"line":76,"column":35}},"16":{"start":{"line":85,"column":26},"end":{"line":85,"column":81}},"17":{"start":{"line":86,"column":12},"end":{"line":87,"column":27}},"18":{"start":{"line":87,"column":16},"end":{"line":87,"column":27}},"19":{"start":{"line":88,"column":12},"end":{"line":89,"column":37}},"20":{"start":{"line":89,"column":16},"end":{"line":89,"column":37}},"21":{"start":{"line":90,"column":12},"end":{"line":90,"column":48}},"22":{"start":{"line":99,"column":31},"end":{"line":99,"column":69}},"23":{"start":{"line":100,"column":12},"end":{"line":100,"column":30}},"24":{"start":{"line":108,"column":28},"end":{"line":108,"column":50}},"25":{"start":{"line":109,"column":12},"end":{"line":109,"column":34}},"26":{"start":{"line":117,"column":8},"end":{"line":117,"column":69}},"27":{"start":{"line":125,"column":22},"end":{"line":125,"column":44}},"28":{"start":{"line":126,"column":12},"end":{"line":138,"column":7}},"29":{"start":{"line":127,"column":26},"end":{"line":127,"column":46}},"30":{"start":{"line":128,"column":25},"end":{"line":128,"column":49}},"31":{"start":{"line":129,"column":26},"end":{"line":129,"column":47}},"32":{"start":{"line":130,"column":25},"end":{"line":130,"column":45}},"33":{"start":{"line":131,"column":16},"end":{"line":137,"column":9}},"34":{"start":{"line":147,"column":25},"end":{"line":147,"column":87}},"35":{"start":{"line":148,"column":12},"end":{"line":149,"column":27}},"36":{"start":{"line":149,"column":16},"end":{"line":149,"column":27}},"37":{"start":{"line":150,"column":12},"end":{"line":151,"column":43}},"38":{"start":{"line":151,"column":16},"end":{"line":151,"column":43}},"39":{"start":{"line":152,"column":12},"end":{"line":152,"column":53}},"40":{"start":{"line":160,"column":26},"end":{"line":160,"column":87}},"41":{"start":{"line":161,"column":12},"end":{"line":161,"column":50}},"42":{"start":{"line":161,"column":39},"end":{"line":161,"column":48}},"43":{"start":{"line":165,"column":26},"end":{"line":165,"column":81}},"44":{"start":{"line":166,"column":12},"end":{"line":166,"column":50}},"45":{"start":{"line":166,"column":39},"end":{"line":166,"column":48}}},"fnMap":{"0":{"name":"(anonymous_0)","decl":{"start":{"line":12,"column":4},"end":{"line":12,"column":5}},"loc":{"start":{"line":12,"column":21},"end":{"line":19,"column":5}},"line":12},"1":{"name":"(anonymous_1)","decl":{"start":{"line":26,"column":4},"end":{"line":26,"column":5}},"loc":{"start":{"line":26,"column":18},"end":{"line":30,"column":5}},"line":26},"2":{"name":"(anonymous_2)","decl":{"start":{"line":36,"column":4},"end":{"line":36,"column":5}},"loc":{"start":{"line":36,"column":15},"end":{"line":38,"column":7}},"line":36},"3":{"name":"(anonymous_3)","decl":{"start":{"line":44,"column":4},"end":{"line":44,"column":5}},"loc":{"start":{"line":44,"column":23},"end":{"line":46,"column":5}},"line":44},"4":{"name":"(anonymous_4)","decl":{"start":{"line":52,"column":4},"end":{"line":52,"column":5}},"loc":{"start":{"line":52,"column":18},"end":{"line":67,"column":5}},"line":52},"5":{"name":"(anonymous_5)","decl":{"start":{"line":74,"column":8},"end":{"line":74,"column":9}},"loc":{"start":{"line":74,"column":25},"end":{"line":77,"column":9}},"line":74},"6":{"name":"(anonymous_6)","decl":{"start":{"line":84,"column":8},"end":{"line":84,"column":9}},"loc":{"start":{"line":84,"column":29},"end":{"line":91,"column":9}},"line":84},"7":{"name":"(anonymous_7)","decl":{"start":{"line":98,"column":8},"end":{"line":98,"column":9}},"loc":{"start":{"line":98,"column":31},"end":{"line":101,"column":9}},"line":98},"8":{"name":"(anonymous_8)","decl":{"start":{"line":107,"column":8},"end":{"line":107,"column":9}},"loc":{"start":{"line":107,"column":29},"end":{"line":110,"column":9}},"line":107},"9":{"name":"(anonymous_9)","decl":{"start":{"line":116,"column":4},"end":{"line":116,"column":5}},"loc":{"start":{"line":116,"column":22},"end":{"line":118,"column":5}},"line":116},"10":{"name":"(anonymous_10)","decl":{"start":{"line":124,"column":4},"end":{"line":124,"column":5}},"loc":{"start":{"line":124,"column":17},"end":{"line":139,"column":5}},"line":124},"11":{"name":"(anonymous_11)","decl":{"start":{"line":126,"column":30},"end":{"line":126,"column":31}},"loc":{"start":{"line":126,"column":42},"end":{"line":138,"column":5}},"line":126},"12":{"name":"(anonymous_12)","decl":{"start":{"line":146,"column":8},"end":{"line":146,"column":9}},"loc":{"start":{"line":146,"column":25},"end":{"line":153,"column":5}},"line":146},"13":{"name":"(anonymous_13)","decl":{"start":{"line":159,"column":8},"end":{"line":159,"column":9}},"loc":{"start":{"line":159,"column":25},"end":{"line":162,"column":9}},"line":159},"14":{"name":"(anonymous_14)","decl":{"start":{"line":161,"column":29},"end":{"line":161,"column":30}},"loc":{"start":{"line":161,"column":39},"end":{"line":161,"column":48}},"line":161},"15":{"name":"(anonymous_15)","decl":{"start":{"line":164,"column":8},"end":{"line":164,"column":9}},"loc":{"start":{"line":164,"column":19},"end":{"line":167,"column":5}},"line":164},"16":{"name":"(anonymous_16)","decl":{"start":{"line":166,"column":29},"end":{"line":166,"column":30}},"loc":{"start":{"line":166,"column":39},"end":{"line":166,"column":48}},"line":166}},"branchMap":{"0":{"loc":{"start":{"line":86,"column":12},"end":{"line":87,"column":27}},"type":"if","locations":[{"start":{"line":86,"column":12},"end":{"line":87,"column":27}},{"start":{},"end":{}}],"line":86},"1":{"loc":{"start":{"line":88,"column":12},"end":{"line":89,"column":37}},"type":"if","locations":[{"start":{"line":88,"column":12},"end":{"line":89,"column":37}},{"start":{},"end":{}}],"line":88},"2":{"loc":{"start":{"line":148,"column":12},"end":{"line":149,"column":27}},"type":"if","locations":[{"start":{"line":148,"column":12},"end":{"line":149,"column":27}},{"start":{},"end":{}}],"line":148},"3":{"loc":{"start":{"line":150,"column":12},"end":{"line":151,"column":43}},"type":"if","locations":[{"start":{"line":150,"column":12},"end":{"line":151,"column":43}},{"start":{},"end":{}}],"line":150}},"s":{"0":2,"1":2,"2":2,"3":2,"4":2,"5":1,"6":5,"7":0,"8":0,"9":0,"10":0,"11":0,"12":0,"13":0,"14":2,"15":2,"16":2,"17":2,"18":0,"19":2,"20":0,"21":2,"22":1,"23":1,"24":1,"25":1,"26":7,"27":0,"28":0,"29":0,"30":0,"31":0,"32":0,"33":0,"34":2,"35":2,"36":0,"37":2,"38":0,"39":2,"40":1,"41":1,"42":20,"43":1,"44":1,"45":27},"f":{"0":2,"1":2,"2":1,"3":5,"4":0,"5":2,"6":2,"7":1,"8":1,"9":7,"10":0,"11":0,"12":2,"13":1,"14":20,"15":1,"16":27},"b":{"0":[0,2],"1":[0,2],"2":[0,2],"3":[0,2]},"_coverageSchema":"1a1c01bbd47fc00a2c39e90264f33305004495a9","hash":"e46ef077dcf2333875b3b8570855799f4dbb579b"}
,"/usr/src/app/utils/scraper.js": {"path":"/usr/src/app/utils/scraper.js","statementMap":{"0":{"start":{"line":13,"column":8},"end":{"line":13,"column":28}},"1":{"start":{"line":14,"column":8},"end":{"line":14,"column":25}},"2":{"start":{"line":23,"column":8},"end":{"line":27,"column":15}},"3":{"start":{"line":28,"column":8},"end":{"line":28,"column":49}},"4":{"start":{"line":37,"column":8},"end":{"line":37,"column":34}},"5":{"start":{"line":38,"column":8},"end":{"line":38,"column":41}},"6":{"start":{"line":47,"column":8},"end":{"line":47,"column":35}}},"fnMap":{"0":{"name":"(anonymous_0)","decl":{"start":{"line":12,"column":4},"end":{"line":12,"column":5}},"loc":{"start":{"line":12,"column":17},"end":{"line":15,"column":5}},"line":12},"1":{"name":"(anonymous_1)","decl":{"start":{"line":22,"column":4},"end":{"line":22,"column":5}},"loc":{"start":{"line":22,"column":16},"end":{"line":29,"column":5}},"line":22},"2":{"name":"(anonymous_2)","decl":{"start":{"line":36,"column":4},"end":{"line":36,"column":5}},"loc":{"start":{"line":36,"column":29},"end":{"line":39,"column":5}},"line":36},"3":{"name":"(anonymous_3)","decl":{"start":{"line":46,"column":4},"end":{"line":46,"column":5}},"loc":{"start":{"line":46,"column":17},"end":{"line":48,"column":5}},"line":46}},"branchMap":{},"s":{"0":2,"1":2,"2":2,"3":2,"4":2,"5":1,"6":1},"f":{"0":2,"1":2,"2":2,"3":1},"b":{},"_coverageSchema":"1a1c01bbd47fc00a2c39e90264f33305004495a9","hash":"0376b6d3727d4d8a8b3bb6c1d98a87f1e69587ac"}
}
