{"/Users/Vicky/Desktop/Bootcamp/proyecto_stackoverflow/utils/parser.js": {"path":"/Users/Vicky/Desktop/Bootcamp/proyecto_stackoverflow/utils/parser.js","statementMap":{"0":{"start":{"line":6,"column":8},"end":{"line":6,"column":25}},"1":{"start":{"line":7,"column":8},"end":{"line":7,"column":28}},"2":{"start":{"line":11,"column":22},"end":{"line":11,"column":33}},"3":{"start":{"line":12,"column":20},"end":{"line":12,"column":40}},"4":{"start":{"line":13,"column":8},"end":{"line":13,"column":44}},"5":{"start":{"line":17,"column":8},"end":{"line":17,"column":56}},"6":{"start":{"line":21,"column":25},"end":{"line":21,"column":48}},"7":{"start":{"line":22,"column":22},"end":{"line":22,"column":44}},"8":{"start":{"line":23,"column":21},"end":{"line":23,"column":35}},"9":{"start":{"line":24,"column":8},"end":{"line":27,"column":10}},"10":{"start":{"line":31,"column":26},"end":{"line":31,"column":77}},"11":{"start":{"line":32,"column":12},"end":{"line":32,"column":35}}},"fnMap":{"0":{"name":"(anonymous_0)","decl":{"start":{"line":5,"column":4},"end":{"line":5,"column":5}},"loc":{"start":{"line":5,"column":21},"end":{"line":8,"column":5}},"line":5},"1":{"name":"(anonymous_1)","decl":{"start":{"line":10,"column":4},"end":{"line":10,"column":5}},"loc":{"start":{"line":10,"column":18},"end":{"line":14,"column":5}},"line":10},"2":{"name":"(anonymous_2)","decl":{"start":{"line":16,"column":4},"end":{"line":16,"column":5}},"loc":{"start":{"line":16,"column":23},"end":{"line":18,"column":5}},"line":16},"3":{"name":"(anonymous_3)","decl":{"start":{"line":20,"column":4},"end":{"line":20,"column":5}},"loc":{"start":{"line":20,"column":18},"end":{"line":28,"column":5}},"line":20},"4":{"name":"(anonymous_4)","decl":{"start":{"line":30,"column":8},"end":{"line":30,"column":9}},"loc":{"start":{"line":30,"column":25},"end":{"line":33,"column":9}},"line":30}},"branchMap":{},"s":{"0":1,"1":1,"2":1,"3":1,"4":1,"5":2,"6":0,"7":0,"8":0,"9":0,"10":1,"11":1},"f":{"0":1,"1":1,"2":2,"3":0,"4":1},"b":{},"_coverageSchema":"1a1c01bbd47fc00a2c39e90264f33305004495a9","hash":"7991e71c83e75995b424de755ecc44bba03ce2b6"}
}
