TN:
SF:controllers/googleSearchController.js
FN:4,searchLinks
FNF:1
FNH:1
FNDA:2,searchLinks
DA:5,2
DA:6,2
DA:7,2
DA:10,2
DA:11,2
DA:12,2
DA:15,2
DA:16,2
DA:18,2
DA:19,2
LF:10
LH:10
BRF:0
BRH:0
end_of_record
TN:
SF:controllers/stackoverflowController.js
FN:7,getContent
FN:9,(anonymous_1)
FN:36,(anonymous_2)
FNF:3
FNH:2
FNDA:1,getContent
FNDA:1,(anonymous_1)
FNDA:0,(anonymous_2)
DA:8,1
DA:9,1
DA:11,1
DA:12,1
DA:13,1
DA:14,1
DA:15,1
DA:16,1
DA:17,0
DA:20,1
DA:21,1
DA:22,1
DA:23,1
DA:34,1
DA:36,0
DA:37,0
DA:44,0
DA:47,0
DA:49,0
LF:19
LH:13
BRDA:16,0,0,0
BRDA:16,0,1,1
BRF:2
BRH:1
end_of_record
TN:
SF:models/answer.js
FNF:0
FNH:0
DA:3,1
DA:27,1
LF:2
LH:2
BRF:0
BRH:0
end_of_record
TN:
SF:models/question.js
FNF:0
FNH:0
DA:3,1
DA:39,1
LF:2
LH:2
BRF:0
BRH:0
end_of_record
TN:
SF:utils/mongoose.js
FN:12,(anonymous_0)
FN:13,(anonymous_1)
FNF:2
FNH:0
FNDA:0,(anonymous_0)
FNDA:0,(anonymous_1)
DA:2,1
DA:3,1
DA:4,1
DA:5,1
DA:8,1
DA:12,0
DA:13,0
LF:7
LH:5
BRDA:3,0,0,1
BRDA:3,0,1,1
BRDA:4,1,0,1
BRDA:4,1,1,1
BRF:4
BRH:4
end_of_record
TN:
SF:utils/parser.js
FN:12,(anonymous_0)
FN:26,(anonymous_1)
FN:35,(anonymous_2)
FN:43,(anonymous_3)
FN:51,(anonymous_4)
FN:73,(anonymous_5)
FN:83,(anonymous_6)
FN:97,(anonymous_7)
FN:106,(anonymous_8)
FN:115,(anonymous_9)
FN:123,(anonymous_10)
FN:125,(anonymous_11)
FN:145,(anonymous_12)
FN:159,(anonymous_13)
FN:161,(anonymous_14)
FN:164,(anonymous_15)
FN:166,(anonymous_16)
FNF:17
FNH:17
FNDA:4,(anonymous_0)
FNDA:4,(anonymous_1)
FNDA:2,(anonymous_2)
FNDA:6,(anonymous_3)
FNDA:1,(anonymous_4)
FNDA:33,(anonymous_5)
FNDA:33,(anonymous_6)
FNDA:2,(anonymous_7)
FNDA:2,(anonymous_8)
FNDA:9,(anonymous_9)
FNDA:1,(anonymous_10)
FNDA:30,(anonymous_11)
FNDA:33,(anonymous_12)
FNDA:1,(anonymous_13)
FNDA:20,(anonymous_14)
FNDA:32,(anonymous_15)
FNDA:60,(anonymous_16)
DA:17,4
DA:18,4
DA:27,4
DA:28,4
DA:29,4
DA:36,2
DA:44,6
DA:52,1
DA:53,1
DA:54,1
DA:55,1
DA:56,1
DA:57,1
DA:58,1
DA:74,33
DA:75,33
DA:84,33
DA:85,33
DA:86,0
DA:87,33
DA:88,6
DA:89,27
DA:98,2
DA:99,2
DA:107,2
DA:108,2
DA:116,9
DA:124,1
DA:125,1
DA:126,30
DA:127,30
DA:128,30
DA:129,30
DA:130,30
DA:146,33
DA:147,33
DA:148,0
DA:149,33
DA:150,2
DA:151,31
DA:160,1
DA:161,20
DA:165,32
DA:166,60
LF:44
LH:42
BRDA:85,0,0,0
BRDA:85,0,1,33
BRDA:87,1,0,6
BRDA:87,1,1,27
BRDA:147,2,0,0
BRDA:147,2,1,33
BRDA:149,3,0,2
BRDA:149,3,1,31
BRF:8
BRH:6
end_of_record
TN:
SF:utils/scraper.js
FN:12,(anonymous_0)
FN:22,(anonymous_1)
FN:36,(anonymous_2)
FN:46,(anonymous_3)
FNF:4
FNH:4
FNDA:3,(anonymous_0)
FNDA:3,(anonymous_1)
FNDA:3,(anonymous_2)
FNDA:2,(anonymous_3)
DA:13,3
DA:14,3
DA:23,3
DA:28,3
DA:37,3
DA:38,3
DA:47,2
LF:7
LH:7
BRF:0
BRH:0
end_of_record
