TN:
SF:utils/parser.js
FN:5,(anonymous_0)
FN:10,(anonymous_1)
FN:16,(anonymous_2)
FN:20,(anonymous_3)
FN:35,(anonymous_4)
FN:40,(anonymous_5)
FN:45,(anonymous_6)
FN:55,(anonymous_7)
FN:60,(anonymous_8)
FN:64,(anonymous_9)
FN:66,(anonymous_10)
FN:79,(anonymous_11)
FN:84,(anonymous_12)
FN:93,(anonymous_13)
FN:95,(anonymous_14)
FNF:15
FNH:12
FNDA:1,(anonymous_0)
FNDA:1,(anonymous_1)
FNDA:4,(anonymous_2)
FNDA:0,(anonymous_3)
FNDA:2,(anonymous_4)
FNDA:1,(anonymous_5)
FNDA:1,(anonymous_6)
FNDA:1,(anonymous_7)
FNDA:7,(anonymous_8)
FNDA:0,(anonymous_9)
FNDA:0,(anonymous_10)
FNDA:1,(anonymous_11)
FNDA:1,(anonymous_12)
FNDA:1,(anonymous_13)
FNDA:20,(anonymous_14)
DA:6,1
DA:7,1
DA:11,1
DA:12,1
DA:13,1
DA:17,4
DA:21,0
DA:22,0
DA:23,0
DA:24,0
DA:25,0
DA:26,0
DA:36,2
DA:37,2
DA:41,1
DA:42,1
DA:46,1
DA:47,1
DA:48,0
DA:49,1
DA:50,0
DA:51,1
DA:56,1
DA:57,1
DA:61,7
DA:65,0
DA:66,0
DA:67,0
DA:68,0
DA:69,0
DA:70,0
DA:80,1
DA:81,1
DA:85,1
DA:86,1
DA:87,0
DA:88,1
DA:89,0
DA:90,1
DA:94,1
DA:95,20
LF:41
LH:25
BRDA:47,0,0,0
BRDA:47,0,1,1
BRDA:49,1,0,0
BRDA:49,1,1,1
BRDA:86,2,0,0
BRDA:86,2,1,1
BRDA:88,3,0,0
BRDA:88,3,1,1
BRF:8
BRH:4
end_of_record
